Tue Jul 02 2024 05:20:37 GMT+0530 (India Standard Time) - invalid route
Tue Jul 02 2024 05:20:37 GMT+0530 (India Standard Time) - invalid route
Tue Jul 02 2024 05:21:24 GMT+0530 (India Standard Time) - invalid route
Tue Jul 02 2024 05:21:24 GMT+0530 (India Standard Time) - invalid route
Tue Jul 02 2024 18:22:16 GMT+0530 (India Standard Time) - Enter a valid email id
Tue Jul 02 2024 18:28:20 GMT+0530 (India Standard Time) - Enter a valid email id
Tue Jul 02 2024 18:30:21 GMT+0530 (India Standard Time) - User exists with this email id
Tue Jul 02 2024 18:35:29 GMT+0530 (India Standard Time) - Enter a valid password with at least 8 and not more than 12 characters
Tue Jul 02 2024 18:40:01 GMT+0530 (India Standard Time) - Enter a valid password with at least 8 and not more than 12 characters
Tue Jul 02 2024 18:40:21 GMT+0530 (India Standard Time) - Enter a valid password with at least 8 and not more than 12 characters
Tue Jul 02 2024 18:40:33 GMT+0530 (India Standard Time) - Enter a valid password with at least 8 and not more than 12 characters
Tue Jul 02 2024 18:40:50 GMT+0530 (India Standard Time) - Enter a valid password with at least 8 and not more than 12 characters
Tue Jul 02 2024 18:41:22 GMT+0530 (India Standard Time) - Enter a valid password with at least 8 and not more than 12 characters
Tue Jul 02 2024 18:42:17 GMT+0530 (India Standard Time) - Enter a valid password with at least 8 and not more than 12 characters
Tue Jul 02 2024 18:43:50 GMT+0530 (India Standard Time) - User exists with this email id
Tue Jul 02 2024 18:44:00 GMT+0530 (India Standard Time) - Enter a valid password with at least 8 and not more than 12 characters and should have atleast one captial letter and small letter
Tue Jul 02 2024 19:03:23 GMT+0530 (India Standard Time) - invalid route
Tue Jul 02 2024 19:03:47 GMT+0530 (India Standard Time) - Enter a valid password with at least 8 and not more than 12 characters
Tue Jul 02 2024 19:08:41 GMT+0530 (India Standard Time) - passowrd is incorrect
Tue Jul 02 2024 19:08:54 GMT+0530 (India Standard Time) - passowrd is incorrect
Tue Jul 02 2024 19:09:04 GMT+0530 (India Standard Time) - passowrd is incorrect
Tue Jul 02 2024 19:09:09 GMT+0530 (India Standard Time) - passowrd is incorrect
Tue Jul 02 2024 19:09:42 GMT+0530 (India Standard Time) - passowrd is incorrect
Tue Jul 02 2024 19:10:26 GMT+0530 (India Standard Time) - passowrd is incorrect
Tue Jul 02 2024 19:11:11 GMT+0530 (India Standard Time) - passowrd is incorrect
Tue Jul 02 2024 19:11:19 GMT+0530 (India Standard Time) - Incorrect user id or password
Tue Jul 02 2024 20:26:04 GMT+0530 (India Standard Time) - invalid route
Tue Jul 02 2024 20:26:25 GMT+0530 (India Standard Time) - invalid route
Tue Jul 02 2024 20:27:05 GMT+0530 (India Standard Time) - invalid route
Tue Jul 02 2024 20:27:23 GMT+0530 (India Standard Time) - invalid route
Tue Jul 02 2024 21:41:18 GMT+0530 (India Standard Time) - invalid route
Tue Jul 02 2024 21:50:01 GMT+0530 (India Standard Time) - invalid route
Tue Jul 02 2024 21:55:47 GMT+0530 (India Standard Time) - invalid route
Tue Jul 02 2024 21:55:48 GMT+0530 (India Standard Time) - invalid route
Tue Jul 02 2024 21:57:00 GMT+0530 (India Standard Time) - hotel validation failed: address: Required field, phoneNo: Required field, amenities: Required field, description: Required field, city: Required field, hotelName: Required field
Tue Jul 02 2024 21:58:06 GMT+0530 (India Standard Time) - hotel validation failed: address: Required field, phoneNo: Required field, amenities: Required field, description: Required field, city: Required field, hotelName: Required field
Sun Jul 07 2024 11:35:29 GMT+0530 (India Standard Time) - consoel is not defined
Sun Jul 07 2024 11:35:49 GMT+0530 (India Standard Time) - Cannot read properties of null (reading 'length')
Sun Jul 07 2024 11:38:59 GMT+0530 (India Standard Time) - welcome by IT is not a valid hotelName
Sun Jul 07 2024 11:39:06 GMT+0530 (India Standard Time) - No reviews added yet for welcome by ITC
Sun Jul 07 2024 11:54:11 GMT+0530 (India Standard Time) - No Bookings done yet
Sun Jul 07 2024 12:38:53 GMT+0530 (India Standard Time) - invalid route
Sun Jul 07 2024 12:39:27 GMT+0530 (India Standard Time) - Number of Persons should be a valid number greater than 0 and less than or equal to 5
Sun Jul 07 2024 12:39:41 GMT+0530 (India Standard Time) - Number of rooms should be a valid number greater than 0 and less than or equal to 3
Sun Jul 07 2024 12:39:58 GMT+0530 (India Standard Time) - Number of rooms should be a valid number greater than 0 and less than or equal to 3
Sun Jul 07 2024 12:40:06 GMT+0530 (India Standard Time) - Start Date should be a date greater than or equal to today
Sun Jul 07 2024 12:40:15 GMT+0530 (India Standard Time) - End Date should be a date greater than or equal to start date
Sun Jul 07 2024 12:46:39 GMT+0530 (India Standard Time) - Number of Persons should be a valid number greater than 0 and less than or equal to 5
Sun Jul 07 2024 13:03:14 GMT+0530 (India Standard Time) - You have a booking on the same date
Sun Jul 07 2024 13:38:24 GMT+0530 (India Standard Time) - invalid route
Sun Jul 07 2024 13:38:35 GMT+0530 (India Standard Time) - Cast to ObjectId failed for value "1234" (type string) at path "_id" for model "bookings"
Sun Jul 07 2024 13:39:33 GMT+0530 (India Standard Time) - Not a valid Booking Id or User Id
Sun Jul 07 2024 13:41:15 GMT+0530 (India Standard Time) - Not a valid Booking Id or User Id
Sun Jul 07 2024 19:55:57 GMT+0530 (India Standard Time) - welcome by ITC is not a valid hotelName
Sun Jul 07 2024 19:56:12 GMT+0530 (India Standard Time) - No Bookings done yet
Sun Jul 07 2024 20:02:56 GMT+0530 (India Standard Time) - welcome by ITC is not a valid hotelName
Sun Jul 07 2024 20:03:05 GMT+0530 (India Standard Time) - No reviews added yet for Welcome by ITC
Sun Jul 07 2024 20:03:15 GMT+0530 (India Standard Time) - No Bookings done yet
Sun Jul 07 2024 20:03:29 GMT+0530 (India Standard Time) - Not a valid Hotel Name
Sun Jul 07 2024 20:04:16 GMT+0530 (India Standard Time) - No reviews added yet for Welcome by ITC
Sun Jul 07 2024 20:04:30 GMT+0530 (India Standard Time) - No reviews added yet for Welcome by ITC
Sun Jul 07 2024 20:05:06 GMT+0530 (India Standard Time) - No reviews added yet for Welcome by ITC
Tue Jul 09 2024 07:16:15 GMT+0530 (India Standard Time) - Cannot read properties of undefined (reading 'userEmail')
Tue Jul 09 2024 07:17:21 GMT+0530 (India Standard Time) - Cannot read properties of undefined (reading 'useremail')
