Tue Jul 02 2024 05:20:37 GMT+0530 (India Standard Time) - GET - / 
Tue Jul 02 2024 05:20:37 GMT+0530 (India Standard Time) - GET - /favicon.ico 
Tue Jul 02 2024 05:21:24 GMT+0530 (India Standard Time) - GET - /test 
Tue Jul 02 2024 05:21:24 GMT+0530 (India Standard Time) - GET - /favicon.ico 
Tue Jul 02 2024 18:22:16 GMT+0530 (India Standard Time) - POST - /register 
Tue Jul 02 2024 18:28:20 GMT+0530 (India Standard Time) - POST - /register 
Tue Jul 02 2024 18:29:16 GMT+0530 (India Standard Time) - POST - /register 
Tue Jul 02 2024 18:30:21 GMT+0530 (India Standard Time) - POST - /register 
Tue Jul 02 2024 18:35:29 GMT+0530 (India Standard Time) - POST - /register 
Tue Jul 02 2024 18:36:17 GMT+0530 (India Standard Time) - POST - /register 
Tue Jul 02 2024 18:40:01 GMT+0530 (India Standard Time) - POST - /register 
Tue Jul 02 2024 18:40:21 GMT+0530 (India Standard Time) - POST - /register 
Tue Jul 02 2024 18:40:33 GMT+0530 (India Standard Time) - POST - /register 
Tue Jul 02 2024 18:40:50 GMT+0530 (India Standard Time) - POST - /register 
Tue Jul 02 2024 18:41:22 GMT+0530 (India Standard Time) - POST - /register 
Tue Jul 02 2024 18:42:17 GMT+0530 (India Standard Time) - POST - /register 
Tue Jul 02 2024 18:42:39 GMT+0530 (India Standard Time) - POST - /register 
Tue Jul 02 2024 18:43:50 GMT+0530 (India Standard Time) - POST - /register 
Tue Jul 02 2024 18:44:00 GMT+0530 (India Standard Time) - POST - /register 
Tue Jul 02 2024 19:03:23 GMT+0530 (India Standard Time) - GET - /login 
Tue Jul 02 2024 19:03:47 GMT+0530 (India Standard Time) - POST - /login 
Tue Jul 02 2024 19:03:56 GMT+0530 (India Standard Time) - POST - /login 
Tue Jul 02 2024 19:04:59 GMT+0530 (India Standard Time) - POST - /login 
Tue Jul 02 2024 19:05:06 GMT+0530 (India Standard Time) - POST - /login 
Tue Jul 02 2024 19:08:41 GMT+0530 (India Standard Time) - POST - /login 
Tue Jul 02 2024 19:08:54 GMT+0530 (India Standard Time) - POST - /login 
Tue Jul 02 2024 19:09:04 GMT+0530 (India Standard Time) - POST - /login 
Tue Jul 02 2024 19:09:09 GMT+0530 (India Standard Time) - POST - /login 
Tue Jul 02 2024 19:09:42 GMT+0530 (India Standard Time) - POST - /login 
Tue Jul 02 2024 19:10:26 GMT+0530 (India Standard Time) - POST - /login 
Tue Jul 02 2024 19:11:00 GMT+0530 (India Standard Time) - POST - /login 
Tue Jul 02 2024 19:11:11 GMT+0530 (India Standard Time) - POST - /login 
Tue Jul 02 2024 19:11:19 GMT+0530 (India Standard Time) - POST - /login 
Tue Jul 02 2024 19:11:45 GMT+0530 (India Standard Time) - POST - /login 
Tue Jul 02 2024 20:26:04 GMT+0530 (India Standard Time) - GET - /logout 
Tue Jul 02 2024 20:26:25 GMT+0530 (India Standard Time) - GET - /logout 
Tue Jul 02 2024 20:27:05 GMT+0530 (India Standard Time) - GET - /logout 
Tue Jul 02 2024 20:27:23 GMT+0530 (India Standard Time) - GET - /logout 
Tue Jul 02 2024 20:27:42 GMT+0530 (India Standard Time) - GET - /logout 
Tue Jul 02 2024 20:56:44 GMT+0530 (India Standard Time) - GET - /logout 
Tue Jul 02 2024 21:26:21 GMT+0530 (India Standard Time) - POST - /addhotel 
Tue Jul 02 2024 21:32:44 GMT+0530 (India Standard Time) - POST - /addhotel 
Tue Jul 02 2024 21:41:18 GMT+0530 (India Standard Time) - POST - /gethotels 
Tue Jul 02 2024 21:41:25 GMT+0530 (India Standard Time) - GET - /gethotels 
Tue Jul 02 2024 21:44:14 GMT+0530 (India Standard Time) - GET - /gethotels/Guntur 
Tue Jul 02 2024 21:46:31 GMT+0530 (India Standard Time) - POST - /addhotel 
Tue Jul 02 2024 21:46:48 GMT+0530 (India Standard Time) - GET - /gethotels/Guntur 
Tue Jul 02 2024 21:47:08 GMT+0530 (India Standard Time) - GET - /gethotels 
Tue Jul 02 2024 21:47:44 GMT+0530 (India Standard Time) - GET - /gethotels/Guntur 
Tue Jul 02 2024 21:50:01 GMT+0530 (India Standard Time) - POST - /updatehotel 
Tue Jul 02 2024 21:50:30 GMT+0530 (India Standard Time) - PUT - /updatehotel 
Tue Jul 02 2024 21:55:47 GMT+0530 (India Standard Time) - GET - / 
Tue Jul 02 2024 21:55:48 GMT+0530 (India Standard Time) - GET - /favicon.ico 
Tue Jul 02 2024 21:57:00 GMT+0530 (India Standard Time) - DELETE - /deletehotel?hotelName=welcome%20by%20ITC 
Tue Jul 02 2024 21:58:06 GMT+0530 (India Standard Time) - DELETE - /deletehotel?hotelName=welcome%20by%20ITC 
Tue Jul 02 2024 21:58:33 GMT+0530 (India Standard Time) - DELETE - /deletehotel?hotelName=welcome%20by%20ITC 
Tue Jul 02 2024 21:59:14 GMT+0530 (India Standard Time) - DELETE - /deletehotel?hotelName=welcome%20by%20ITC 
Tue Jul 02 2024 21:59:56 GMT+0530 (India Standard Time) - DELETE - /deletehotel?hotelname=welcome%20by%20ITC 
Sat Jul 06 2024 09:36:15 GMT+0530 (India Standard Time) - DELETE - /deletehotel?hotelname=welcome%20by%20ITC 
Sat Jul 06 2024 09:36:47 GMT+0530 (India Standard Time) - DELETE - /deletehotel?hotelname=welcome%20by%20ITC 
Sat Jul 06 2024 09:37:38 GMT+0530 (India Standard Time) - DELETE - /deletehotel?hotelname=welcome%20by%20ITC 
Sat Jul 06 2024 09:39:41 GMT+0530 (India Standard Time) - DELETE - /deletehotel?hotelname=Jaya%20Fortuine 
Sat Jul 06 2024 09:41:34 GMT+0530 (India Standard Time) - DELETE - /deletehotel?hotelname=Jaya%20Fortuine 
Sat Jul 06 2024 09:51:39 GMT+0530 (India Standard Time) - DELETE - /deletehotel?hotelname=Novotel 
Sat Jul 06 2024 09:53:01 GMT+0530 (India Standard Time) - GET - /gethotels 
Sat Jul 06 2024 09:53:24 GMT+0530 (India Standard Time) - GET - /gethotels/Guntur 
Sat Jul 06 2024 09:56:02 GMT+0530 (India Standard Time) - DELETE - /deletehotel?hotelname=Novotel 
Sun Jul 07 2024 11:09:41 GMT+0530 (India Standard Time) - DELETE - /deletehotel?hotelName=Jaya%20Fortuine 
Sun Jul 07 2024 11:22:16 GMT+0530 (India Standard Time) - GET - /getreviews/Jaya%20Fortuine 
Sun Jul 07 2024 11:22:59 GMT+0530 (India Standard Time) - GET - /getreviews/Jaya%20Fortuine 
Sun Jul 07 2024 11:23:25 GMT+0530 (India Standard Time) - GET - /getreviews/welcome%20by%20ITC 
Sun Jul 07 2024 11:25:20 GMT+0530 (India Standard Time) - GET - /getreviews/welcome%20by%20ITC 
Sun Jul 07 2024 11:26:14 GMT+0530 (India Standard Time) - GET - /getreviews/welcome%20by%20ITC 
Sun Jul 07 2024 11:27:14 GMT+0530 (India Standard Time) - GET - /getreviews/welcome%20by%20ITC 
Sun Jul 07 2024 11:27:52 GMT+0530 (India Standard Time) - GET - /getreviews/welcome%20by%20ITC 
Sun Jul 07 2024 11:28:15 GMT+0530 (India Standard Time) - GET - /getreviews/welcome%20by%20ITC 
Sun Jul 07 2024 11:35:29 GMT+0530 (India Standard Time) - GET - /getreviews/welcome%20by%20IT 
Sun Jul 07 2024 11:35:49 GMT+0530 (India Standard Time) - GET - /getreviews/welcome%20by%20IT 
Sun Jul 07 2024 11:38:59 GMT+0530 (India Standard Time) - GET - /getreviews/welcome%20by%20IT 
Sun Jul 07 2024 11:39:06 GMT+0530 (India Standard Time) - GET - /getreviews/welcome%20by%20ITC 
Sun Jul 07 2024 11:53:03 GMT+0530 (India Standard Time) - GET - /getbookings/sadeeq0927 
Sun Jul 07 2024 11:53:39 GMT+0530 (India Standard Time) - GET - /getbookings/sadeeq0927 
Sun Jul 07 2024 11:54:11 GMT+0530 (India Standard Time) - GET - /getbookings/sadeeq0927 
Sun Jul 07 2024 12:38:53 GMT+0530 (India Standard Time) - POST - //bookings/sadeeq0927/welcome%20by%20ITC 
Sun Jul 07 2024 12:39:04 GMT+0530 (India Standard Time) - POST - /bookings/sadeeq0927/welcome%20by%20ITC 
Sun Jul 07 2024 12:39:27 GMT+0530 (India Standard Time) - POST - /bookings/sadeeq0927/welcome%20by%20ITC 
Sun Jul 07 2024 12:39:41 GMT+0530 (India Standard Time) - POST - /bookings/sadeeq0927/welcome%20by%20ITC 
Sun Jul 07 2024 12:39:58 GMT+0530 (India Standard Time) - POST - /bookings/sadeeq0927/welcome%20by%20ITC 
Sun Jul 07 2024 12:40:06 GMT+0530 (India Standard Time) - POST - /bookings/sadeeq0927/welcome%20by%20ITC 
Sun Jul 07 2024 12:40:15 GMT+0530 (India Standard Time) - POST - /bookings/sadeeq0927/welcome%20by%20ITC 
Sun Jul 07 2024 12:46:39 GMT+0530 (India Standard Time) - POST - /bookings/sadeeq0927/welcome%20by%20ITC 
Sun Jul 07 2024 12:56:21 GMT+0530 (India Standard Time) - POST - /bookings/sadeeq0927/welcome%20by%20ITC 
Sun Jul 07 2024 13:00:28 GMT+0530 (India Standard Time) - POST - /bookings/sadeeq0927/welcome%20by%20ITC 
Sun Jul 07 2024 13:03:14 GMT+0530 (India Standard Time) - POST - /bookings/sadeeq0927/welcome%20by%20ITC 
Sun Jul 07 2024 13:32:15 GMT+0530 (India Standard Time) - PUT - /bookings/sadeeq0927 
Sun Jul 07 2024 13:38:24 GMT+0530 (India Standard Time) - DELETE - /getbookings/sadeeq0927/1234 
Sun Jul 07 2024 13:38:35 GMT+0530 (India Standard Time) - DELETE - /bookings/sadeeq0927/1234 
Sun Jul 07 2024 13:39:33 GMT+0530 (India Standard Time) - DELETE - /bookings/sadeeq0927/668a3f10648b5ffc90cf0c59 
Sun Jul 07 2024 13:41:15 GMT+0530 (India Standard Time) - DELETE - /bookings/sadeeq0927/668a3f10648b5ffc90cf0c59 
Sun Jul 07 2024 13:45:41 GMT+0530 (India Standard Time) - GET - /getbookings/sadeeq0927 
Sun Jul 07 2024 13:58:10 GMT+0530 (India Standard Time) - POST - /updatereviews 
Sun Jul 07 2024 14:15:10 GMT+0530 (India Standard Time) - POST - /register 
Sun Jul 07 2024 19:54:49 GMT+0530 (India Standard Time) - POST - /addhotel 
Sun Jul 07 2024 19:55:04 GMT+0530 (India Standard Time) - GET - /gethotels 
Sun Jul 07 2024 19:55:46 GMT+0530 (India Standard Time) - GET - /gethotels/Hyderabad 
Sun Jul 07 2024 19:55:57 GMT+0530 (India Standard Time) - GET - /getreviews/welcome%20by%20ITC 
Sun Jul 07 2024 19:56:12 GMT+0530 (India Standard Time) - GET - /getbookings/sadeeq0927 
Sun Jul 07 2024 19:59:56 GMT+0530 (India Standard Time) - POST - /register 
Sun Jul 07 2024 20:00:20 GMT+0530 (India Standard Time) - POST - /login 
Sun Jul 07 2024 20:00:28 GMT+0530 (India Standard Time) - GET - /logout 
Sun Jul 07 2024 20:00:55 GMT+0530 (India Standard Time) - POST - /addhotel 
Sun Jul 07 2024 20:01:01 GMT+0530 (India Standard Time) - GET - /gethotels 
Sun Jul 07 2024 20:02:04 GMT+0530 (India Standard Time) - POST - /addhotel 
Sun Jul 07 2024 20:02:10 GMT+0530 (India Standard Time) - GET - /gethotels 
Sun Jul 07 2024 20:02:43 GMT+0530 (India Standard Time) - POST - /addhotel 
Sun Jul 07 2024 20:02:45 GMT+0530 (India Standard Time) - GET - /gethotels 
Sun Jul 07 2024 20:02:48 GMT+0530 (India Standard Time) - GET - /gethotels/Hyderabad 
Sun Jul 07 2024 20:02:56 GMT+0530 (India Standard Time) - GET - /getreviews/welcome%20by%20ITC 
Sun Jul 07 2024 20:03:05 GMT+0530 (India Standard Time) - GET - /getreviews/Welcome%20by%20ITC 
Sun Jul 07 2024 20:03:15 GMT+0530 (India Standard Time) - GET - /getbookings/sadeeq0927 
Sun Jul 07 2024 20:03:29 GMT+0530 (India Standard Time) - POST - /bookings/sadeeq0927/welcome%20by%20ITC 
Sun Jul 07 2024 20:03:39 GMT+0530 (India Standard Time) - POST - /bookings/sadeeq0927/Welcome%20by%20ITC 
Sun Jul 07 2024 20:04:12 GMT+0530 (India Standard Time) - POST - /updatereviews 
Sun Jul 07 2024 20:04:16 GMT+0530 (India Standard Time) - GET - /getreviews/Welcome%20by%20ITC 
Sun Jul 07 2024 20:04:30 GMT+0530 (India Standard Time) - GET - /getreviews/Welcome%20by%20ITC 
Sun Jul 07 2024 20:05:06 GMT+0530 (India Standard Time) - GET - /getreviews/Welcome%20by%20ITC 
Sun Jul 07 2024 20:07:59 GMT+0530 (India Standard Time) - GET - /getreviews/Welcome%20by%20ITC 
Tue Jul 09 2024 07:14:47 GMT+0530 (India Standard Time) - POST - /login 
Tue Jul 09 2024 07:16:15 GMT+0530 (India Standard Time) - GET - /getbookings/sadeeq0927 
Tue Jul 09 2024 07:17:21 GMT+0530 (India Standard Time) - GET - /getbookings/sadeeq0927 
Tue Jul 09 2024 07:17:37 GMT+0530 (India Standard Time) - GET - /getbookings/sadeeq0927 
Tue Jul 09 2024 07:17:51 GMT+0530 (India Standard Time) - POST - /login 
Tue Jul 09 2024 07:18:06 GMT+0530 (India Standard Time) - GET - /getbookings/sadeeq0927 
Tue Jul 09 2024 07:18:11 GMT+0530 (India Standard Time) - GET - /getbookings/sadeeq0927 
Tue Jul 09 2024 07:18:12 GMT+0530 (India Standard Time) - GET - /getbookings/sadeeq0927 
Tue Jul 09 2024 07:18:37 GMT+0530 (India Standard Time) - GET - /getbookings/sadeeq0927 
Tue Jul 09 2024 07:19:48 GMT+0530 (India Standard Time) - GET - /getbookings/sadeeq0927 
Tue Jul 09 2024 07:19:55 GMT+0530 (India Standard Time) - GET - /getbookings/sadeeq0927 
Tue Jul 09 2024 07:20:37 GMT+0530 (India Standard Time) - GET - /logout 
Tue Jul 09 2024 07:20:49 GMT+0530 (India Standard Time) - GET - /getbookings/sadeeq0927 
